-------------------------------------------------------------------------------
Test set: com.hosipitalmanag.HospitalMang.HospitalMangApplicationTests
-------------------------------------------------------------------------------
Tests run: 1, Failures: 0, Errors: 1, Skipped: 0, Time elapsed: 8.847 s <<< FAILURE! - in com.hosipitalmanag.HospitalMang.HospitalMangApplicationTests
contextLoads  Time elapsed: 0.015 s  <<< ERROR!
java.lang.IllegalStateException: Failed to load ApplicationContext
Caused by: org.springframework.beans.factory.BeanCreationException: Error creating bean with name 'entityManagerFactory' defined in class path resource [org/springframework/boot/autoconfigure/orm/jpa/HibernateJpaConfiguration.class]: Invocation of init method failed; nested exception is java.lang.AbstractMethodError: com.mysql.jdbc.Connection.isValid(I)Z
Caused by: java.lang.AbstractMethodError: com.mysql.jdbc.Connection.isValid(I)Z

